   1	      open	     0	 heartbeat	     0	    closed	     0	    mydist	     0	
   2	      open	     0	 heartbeat	     0	    closed	     0	    mydist	     0	
   3	      open	     0	 heartbeat	     0	    closed	     0	    mydist	     0	
   4	      open	     0	 heartbeat	     0	    closed	     0	    mydist	     0	
   5	      open	     0	 heartbeat	     0	    closed	     0	    mydist	     0	
   6	      open	     0	 heartbeat	     0	    closed	     0	    mydist	     0	
   7	      open	     0	 heartbeat	     0	    closed	     0	    mydist	     0	
   8	      open	     0	 heartbeat	     0	    closed	     0	    mydist	     0	
   9	      open	     0	 heartbeat	     0	    closed	     0	    mydist	     0	
  10	      open	     0	 heartbeat	     0	    closed	     0	    mydist	     0	
  11	      open	     0	 heartbeat	     0	    closed	     0	    mydist	     0	
  12	      open	     0	 heartbeat	    46	    closed	     0	    mydist	   135	
  13	      open	     0	 heartbeat	    46	    closed	     0	    mydist	   448	
  14	      open	     0	 heartbeat	    46	    closed	     0	    mydist	   475	
  15	      open	     0	 heartbeat	    46	    closed	     0	    mydist	   475	
  16	      open	     0	 heartbeat	    46	    closed	     0	    mydist	   475	
  17	      open	     0	 heartbeat	    46	    closed	     0	    mydist	   475	
  18	      open	     0	 heartbeat	    46	    closed	     0	    mydist	   475	
  19	      open	     0	 heartbeat	    46	    closed	     0	    mydist	   475	
  20	      open	     0	 heartbeat	    46	    closed	     0	    mydist	   475	
  21	      open	     0	 heartbeat	    46	    closed	     0	    mydist	   475	
  22	      open	     0	 heartbeat	    92	    closed	     0	    mydist	   475	
  23	      open	     0	 heartbeat	    92	    closed	     0	    mydist	   475	
  24	      open	     0	 heartbeat	    92	    closed	     0	    mydist	   475	
  25	      open	     0	 heartbeat	    92	    closed	     0	    mydist	   475	
  26	      open	     0	 heartbeat	    92	    closed	     0	    mydist	   475	
  27	      open	     0	 heartbeat	    92	    closed	     0	    mydist	   475	
  28	      open	     0	 heartbeat	    92	    closed	     0	    mydist	   475	
  29	      open	     0	 heartbeat	    92	    closed	     0	    mydist	   475	
  30	      open	     0	 heartbeat	    92	    closed	     0	    mydist	   475	
  31	      open	     0	 heartbeat	    92	    closed	     0	    mydist	   475	
  32	      open	     0	 heartbeat	   138	    closed	     0	    mydist	   475	
  33	      open	     0	 heartbeat	   138	    closed	     0	    mydist	   475	
  34	      open	     0	 heartbeat	   138	    closed	     0	    mydist	   475	
  35	      open	     0	 heartbeat	   138	    closed	     0	    mydist	   475	
  36	      open	     0	 heartbeat	   138	    closed	     0	    mydist	   475	
  37	      open	     0	 heartbeat	   138	    closed	     0	    mydist	   475	
  38	      open	     0	 heartbeat	   138	    closed	     0	    mydist	   475	
  39	      open	     0	 heartbeat	   138	    closed	     0	    mydist	   475	
  40	      open	     0	 heartbeat	   138	    closed	     0	    mydist	   475	
  41	      open	     0	 heartbeat	   138	    closed	     0	    mydist	   475	
  42	      open	     0	 heartbeat	   184	    closed	     0	    mydist	   475	
  43	      open	     0	 heartbeat	   184	    closed	     0	    mydist	   475	
  44	      open	     0	 heartbeat	   184	    closed	     0	    mydist	   475	
  45	      open	     0	 heartbeat	   184	    closed	     0	    mydist	   475	
  46	      open	     0	 heartbeat	   184	    closed	     0	    mydist	   475	
  47	      open	     0	 heartbeat	   184	    closed	     0	    mydist	   475	
  48	      open	     0	 heartbeat	   184	    closed	     0	    mydist	   475	
  49	      open	     0	 heartbeat	   184	    closed	     0	    mydist	   475	
  50	      open	     0	 heartbeat	   184	    closed	     0	    mydist	   475	
  51	      open	     0	 heartbeat	   184	    closed	     0	    mydist	   475	
  52	      open	     0	 heartbeat	   230	    closed	     0	    mydist	   475	
  53	      open	     0	 heartbeat	   230	    closed	     0	    mydist	   475	
  54	      open	     0	 heartbeat	   230	    closed	     0	    mydist	   475	
  55	      open	     0	 heartbeat	   230	    closed	     0	    mydist	   475	
  56	      open	     0	 heartbeat	   230	    closed	     0	    mydist	   475	
  57	      open	     0	 heartbeat	   230	    closed	     0	    mydist	   475	
  58	      open	     0	 heartbeat	   230	    closed	     0	    mydist	   475	
  59	      open	     0	 heartbeat	   230	    closed	     0	    mydist	   475	
  60	      open	     0	 heartbeat	   230	    closed	     0	    mydist	   475	
  61	      open	     0	 heartbeat	   236	    closed	     0	    mydist	   475	
  62	      open	     0	 heartbeat	   276	    closed	     0	    mydist	   475	
  63	      open	     0	 heartbeat	   276	    closed	     0	    mydist	   475	
  64	      open	     0	 heartbeat	   276	    closed	     0	    mydist	   475	
  65	      open	     0	 heartbeat	   276	    closed	     0	    mydist	   475	
  66	      open	     0	 heartbeat	   276	    closed	     0	    mydist	   475	
  67	      open	     0	 heartbeat	   276	    closed	     0	    mydist	   475	
  68	      open	     0	 heartbeat	   276	    closed	     0	    mydist	   475	
  69	      open	     0	 heartbeat	   276	    closed	     0	    mydist	   475	
  70	      open	     0	 heartbeat	   276	    closed	     0	    mydist	   475	
  71	      open	     0	 heartbeat	   285	    closed	     0	    mydist	   475	
  72	      open	     0	 heartbeat	   322	    closed	     0	    mydist	   475	
  73	      open	     0	 heartbeat	   322	    closed	     0	    mydist	   475	
  74	      open	     0	 heartbeat	   322	    closed	     0	    mydist	   475	
  75	      open	     0	 heartbeat	   322	    closed	     0	    mydist	   475	
  76	      open	     0	 heartbeat	   322	    closed	     0	    mydist	   475	
  77	      open	     0	 heartbeat	   322	    closed	     0	    mydist	   475	
  78	      open	     0	 heartbeat	   322	    closed	     0	    mydist	   475	
  79	      open	     0	 heartbeat	   322	    closed	     0	    mydist	   475	
  80	      open	     0	 heartbeat	   322	    closed	     0	    mydist	   475	
  81	      open	     0	 heartbeat	   336	    closed	     0	    mydist	   475	
  82	      open	     0	 heartbeat	   368	    closed	     0	    mydist	   475	
  83	      open	     0	 heartbeat	   368	    closed	     0	    mydist	   475	
  84	      open	     0	 heartbeat	   368	    closed	     0	    mydist	   475	
  85	      open	     0	 heartbeat	   368	    closed	     0	    mydist	   475	
  86	      open	     0	 heartbeat	   368	    closed	     0	    mydist	   475	
  87	      open	     0	 heartbeat	   368	    closed	     0	    mydist	   475	
  88	      open	     0	 heartbeat	   368	    closed	     0	    mydist	   475	
  89	      open	     0	 heartbeat	   368	    closed	     0	    mydist	   475	
  90	      open	     0	 heartbeat	   368	    closed	     0	    mydist	   475	
  91	      open	     0	 heartbeat	   408	    closed	     0	    mydist	   475	
  92	      open	     0	 heartbeat	   414	    closed	     0	    mydist	   475	
  93	      open	     0	 heartbeat	   414	    closed	     0	    mydist	   475	
  94	      open	     0	 heartbeat	   414	    closed	     0	    mydist	   475	
  95	      open	     0	 heartbeat	   414	    closed	     0	    mydist	   475	
  96	      open	     0	 heartbeat	   414	    closed	     0	    mydist	   475	
  97	      open	     0	 heartbeat	   414	    closed	     0	    mydist	   475	
  98	      open	     0	 heartbeat	   414	    closed	     0	    mydist	   475	
  99	      open	     0	 heartbeat	   414	    closed	     0	    mydist	   475	
 100	      open	     0	 heartbeat	   414	    closed	     0	    mydist	   475	
 101	      open	     0	 heartbeat	   458	    closed	     0	    mydist	   475	
 102	      open	     0	 heartbeat	   460	    closed	     0	    mydist	   475	
 103	      open	     0	 heartbeat	   460	    closed	     0	    mydist	   475	
 104	      open	     0	 heartbeat	   460	    closed	     0	    mydist	   475	
 105	      open	     0	 heartbeat	   460	    closed	     0	    mydist	   475	
 106	      open	     0	 heartbeat	   460	    closed	     0	    mydist	   475	
 107	      open	     0	 heartbeat	   460	    closed	     0	    mydist	   475	
 108	      open	     0	 heartbeat	   460	    closed	     0	    mydist	   475	
 109	      open	     0	 heartbeat	   460	    closed	     0	    mydist	   475	
 110	      open	     0	 heartbeat	   460	    closed	     0	    mydist	   475	
 111	      open	     0	 heartbeat	   506	    closed	     0	    mydist	   475	
 112	      open	     0	 heartbeat	   506	    closed	     0	    mydist	   475	
 113	      open	     0	 heartbeat	   506	    closed	     0	    mydist	   475	
 114	      open	     0	 heartbeat	   506	    closed	     0	    mydist	   475	
 115	      open	     0	 heartbeat	   506	    closed	     0	    mydist	   475	
 116	      open	     0	 heartbeat	   506	    closed	     0	    mydist	   475	
 117	      open	     0	 heartbeat	   506	    closed	     0	    mydist	   475	
 118	      open	     0	 heartbeat	   506	    closed	     0	    mydist	   475	
 119	      open	     0	 heartbeat	   506	    closed	     0	    mydist	   475	
 120	      open	     0	 heartbeat	   506	    closed	     0	    mydist	   475	
 121	      open	     0	 heartbeat	   552	    closed	     0	    mydist	   475	
 122	      open	     0	 heartbeat	   552	    closed	     0	    mydist	   475	
 123	      open	     0	 heartbeat	   552	    closed	     0	    mydist	   475	
 124	      open	     0	 heartbeat	   552	    closed	     0	    mydist	   475	
 125	      open	     0	 heartbeat	   552	    closed	     0	    mydist	   475	
 126	      open	     0	 heartbeat	   552	    closed	     0	    mydist	   475	
 127	      open	     0	 heartbeat	   552	    closed	     0	    mydist	   475	
 128	      open	     0	 heartbeat	   552	    closed	     0	    mydist	   475	
 129	      open	     0	 heartbeat	   552	    closed	     0	    mydist	   475	
 130	      open	     0	 heartbeat	   552	    closed	     0	    mydist	   475	
 131	      open	     0	 heartbeat	   598	    closed	     0	    mydist	   475	
 132	      open	     0	 heartbeat	   598	    closed	     0	    mydist	   475	
 133	      open	     0	 heartbeat	   598	    closed	     0	    mydist	   475	
 134	      open	     0	 heartbeat	   598	    closed	     0	    mydist	   475	
 135	      open	     0	 heartbeat	   598	    closed	     0	    mydist	   475	
 136	      open	     0	 heartbeat	   598	    closed	     0	    mydist	   475	
 137	      open	     0	 heartbeat	   598	    closed	     0	    mydist	   475	
 138	      open	     0	 heartbeat	   598	    closed	     0	    mydist	   475	
 139	      open	     0	 heartbeat	   598	    closed	     0	    mydist	   475	
 140	      open	     0	 heartbeat	   598	    closed	     0	    mydist	   475	
 141	      open	     0	 heartbeat	   644	    closed	     0	    mydist	   475	
 142	      open	     0	 heartbeat	   644	    closed	     0	    mydist	   475	
 143	      open	     0	 heartbeat	   644	    closed	     0	    mydist	   475	
 144	      open	     0	 heartbeat	   644	    closed	     0	    mydist	   475	
 145	      open	     0	 heartbeat	   644	    closed	     0	    mydist	   475	
 146	      open	     0	 heartbeat	   644	    closed	     0	    mydist	   475	
 147	      open	     0	 heartbeat	   644	    closed	     0	    mydist	   475	
 148	      open	     0	 heartbeat	   644	    closed	     0	    mydist	   475	
 149	      open	     0	 heartbeat	   644	    closed	     0	    mydist	   475	
 150	      open	     0	 heartbeat	   644	    closed	     0	    mydist	   475	
 151	      open	     0	 heartbeat	   690	    closed	     0	    mydist	   475	
 152	      open	     0	 heartbeat	   690	    closed	     0	    mydist	   475	
 153	      open	     0	 heartbeat	   690	    closed	     0	    mydist	   475	
 154	      open	     0	 heartbeat	   690	    closed	     0	    mydist	   475	
 155	      open	     0	 heartbeat	   690	    closed	     0	    mydist	   475	
 156	      open	     0	 heartbeat	   690	    closed	     0	    mydist	   475	
 157	      open	     0	 heartbeat	   690	    closed	     0	    mydist	   475	
 158	      open	     0	 heartbeat	   690	    closed	     0	    mydist	   475	
 159	      open	     0	 heartbeat	   690	    closed	     0	    mydist	   475	
 160	      open	     0	 heartbeat	   690	    closed	     0	    mydist	   475	
 161	      open	     0	 heartbeat	   736	    closed	     0	    mydist	   475	
 162	      open	     0	 heartbeat	   736	    closed	     0	    mydist	   475	
 163	      open	     0	 heartbeat	   736	    closed	     0	    mydist	   475	
 164	      open	     0	 heartbeat	   736	    closed	     0	    mydist	   475	
 165	      open	     0	 heartbeat	   736	    closed	     0	    mydist	   475	
 166	      open	     0	 heartbeat	   736	    closed	     0	    mydist	   475	
 167	      open	     0	 heartbeat	   736	    closed	     0	    mydist	   475	
 168	      open	     0	 heartbeat	   736	    closed	     0	    mydist	   475	
 169	      open	     0	 heartbeat	   736	    closed	     0	    mydist	   475	
 170	      open	     0	 heartbeat	   736	    closed	     0	    mydist	   475	
 171	      open	     0	 heartbeat	   782	    closed	     0	    mydist	   475	
 172	      open	     0	 heartbeat	   782	    closed	     0	    mydist	   475	
 173	      open	     0	 heartbeat	   782	    closed	     0	    mydist	   475	
 174	      open	     0	 heartbeat	   782	    closed	     0	    mydist	   475	
 175	      open	     0	 heartbeat	   782	    closed	     0	    mydist	   475	
 176	      open	     0	 heartbeat	   782	    closed	     0	    mydist	   475	
 177	      open	     0	 heartbeat	   782	    closed	     0	    mydist	   475	
 178	      open	     0	 heartbeat	   782	    closed	     0	    mydist	   475	
 179	      open	     0	 heartbeat	   782	    closed	     0	    mydist	   475	
 180	      open	     0	 heartbeat	   782	    closed	     0	    mydist	   475	
 181	      open	     0	 heartbeat	   828	    closed	     0	    mydist	   475	
 182	      open	     0	 heartbeat	   828	    closed	     0	    mydist	   475	
 183	      open	     0	 heartbeat	   828	    closed	     0	    mydist	   475	
 184	      open	     0	 heartbeat	   828	    closed	     0	    mydist	   475	
 185	      open	     0	 heartbeat	   828	    closed	     0	    mydist	   475	
 186	      open	     0	 heartbeat	   828	    closed	     0	    mydist	   475	
 187	      open	     0	 heartbeat	   828	    closed	     0	    mydist	   475	
 188	      open	     0	 heartbeat	   828	    closed	     0	    mydist	   475	
 189	      open	     0	 heartbeat	   828	    closed	     0	    mydist	   475	
 190	      open	     0	 heartbeat	   828	    closed	     0	    mydist	   475	
 191	      open	     0	 heartbeat	   861	    closed	     0	    mydist	   475	
 192	      open	     0	 heartbeat	   861	    closed	     0	    mydist	   475	
 193	      open	     0	 heartbeat	   861	    closed	     0	    mydist	   475	
 194	      open	     0	 heartbeat	   861	    closed	     0	    mydist	   475	
 195	      open	     0	 heartbeat	   861	    closed	     0	    mydist	   475	
 196	      open	     0	 heartbeat	   861	    closed	     0	    mydist	   475	
 197	      open	     0	 heartbeat	   861	    closed	     0	    mydist	   475	
 198	      open	     0	 heartbeat	   861	    closed	     0	    mydist	   475	
 199	      open	     0	 heartbeat	   861	    closed	     0	    mydist	   475	
 200	      open	     0	 heartbeat	   861	    closed	     0	    mydist	   475	
 201	      open	     0	 heartbeat	   894	    closed	     0	    mydist	   475	
 202	      open	     0	 heartbeat	   894	    closed	     0	    mydist	   700	
 203	      open	     0	 heartbeat	   894	    closed	     0	    mydist	   787	
 204	      open	     0	 heartbeat	   894	    closed	     0	    mydist	   787	
 205	      open	     0	 heartbeat	   894	    closed	     0	    mydist	   787	
 206	      open	     0	 heartbeat	   894	    closed	     0	    mydist	   787	
 207	      open	     0	 heartbeat	   894	    closed	     0	    mydist	   787	
 208	      open	     0	 heartbeat	   894	    closed	     0	    mydist	   787	
 209	      open	     0	 heartbeat	   894	    closed	     0	    mydist	   787	
 210	      open	     0	 heartbeat	   894	    closed	     0	    mydist	   787	
 211	      open	     0	 heartbeat	   927	    closed	     0	    mydist	   787	
 212	      open	     0	 heartbeat	   927	    closed	     0	    mydist	   787	
 213	      open	     0	 heartbeat	   927	    closed	     0	    mydist	   787	
 214	      open	     0	 heartbeat	   927	    closed	     0	    mydist	   787	
 215	      open	     0	 heartbeat	   927	    closed	     0	    mydist	   787	
 216	      open	     0	 heartbeat	   927	    closed	     0	    mydist	   787	
 217	      open	     0	 heartbeat	   927	    closed	     0	    mydist	   787	
 218	      open	     0	 heartbeat	   927	    closed	     0	    mydist	   787	
 219	      open	     0	 heartbeat	   927	    closed	     0	    mydist	   787	
 220	      open	     0	 heartbeat	   927	    closed	     0	    mydist	   787	
 221	      open	     0	 heartbeat	   960	    closed	     0	    mydist	   787	
 222	      open	     0	 heartbeat	   960	    closed	     0	    mydist	   787	
 223	      open	     0	 heartbeat	   960	    closed	     0	    mydist	   787	
 224	      open	     0	 heartbeat	   960	    closed	     0	    mydist	   787	
 225	      open	     0	 heartbeat	   960	    closed	     0	    mydist	   787	
 226	      open	     0	 heartbeat	   960	    closed	     0	    mydist	   787	
 227	      open	     0	 heartbeat	   960	    closed	     0	    mydist	   787	
 228	      open	     0	 heartbeat	   960	    closed	     0	    mydist	   787	
 229	      open	     0	 heartbeat	   960	    closed	     0	    mydist	   787	
 230	      open	     0	 heartbeat	   960	    closed	     0	    mydist	   787	
 231	      open	     0	 heartbeat	   993	    closed	     0	    mydist	   787	
 232	      open	     0	 heartbeat	   993	    closed	     0	    mydist	   787	
 233	      open	     0	 heartbeat	   993	    closed	     0	    mydist	   787	
 234	      open	     0	 heartbeat	   993	    closed	     0	    mydist	   787	
 235	      open	     0	 heartbeat	   993	    closed	     0	    mydist	   787	
 236	      open	     0	 heartbeat	   993	    closed	     0	    mydist	   787	
 237	      open	     0	 heartbeat	   993	    closed	     0	    mydist	   787	
 238	      open	     0	 heartbeat	   993	    closed	     0	    mydist	   787	
 239	      open	     0	 heartbeat	   993	    closed	     0	    mydist	   787	
 240	      open	     0	 heartbeat	   993	    closed	     0	    mydist	   787	
 241	      open	     0	 heartbeat	  1026	    closed	     0	    mydist	   787	
 242	      open	     0	 heartbeat	  1026	    closed	     0	    mydist	   787	
 243	      open	     0	 heartbeat	  1026	    closed	     0	    mydist	   787	
 244	      open	     0	 heartbeat	  1026	    closed	     0	    mydist	   787	
 245	      open	     0	 heartbeat	  1026	    closed	     0	    mydist	   787	
 246	      open	     0	 heartbeat	  1026	    closed	     0	    mydist	   787	
 247	      open	     0	 heartbeat	  1026	    closed	     0	    mydist	   787	
 248	      open	     0	 heartbeat	  1026	    closed	     0	    mydist	   787	
 249	      open	     0	 heartbeat	  1026	    closed	     0	    mydist	   787	
 250	      open	     0	 heartbeat	  1026	    closed	     0	    mydist	   787	
 251	      open	     0	 heartbeat	  1059	    closed	     0	    mydist	   787	
 252	      open	     0	 heartbeat	  1059	    closed	     0	    mydist	   787	
 253	      open	     0	 heartbeat	  1059	    closed	     0	    mydist	   787	
 254	      open	     0	 heartbeat	  1059	    closed	     0	    mydist	   787	
 255	      open	     0	 heartbeat	  1059	    closed	     0	    mydist	   787	
 256	      open	     0	 heartbeat	  1059	    closed	     0	    mydist	   787	
 257	      open	     0	 heartbeat	  1059	    closed	     0	    mydist	   787	
 258	      open	     0	 heartbeat	  1059	    closed	     0	    mydist	   787	
 259	      open	     0	 heartbeat	  1059	    closed	     0	    mydist	   787	
 260	      open	     0	 heartbeat	  1059	    closed	     0	    mydist	   787	
 261	      open	     0	 heartbeat	  1092	    closed	     0	    mydist	   787	
 262	      open	     0	 heartbeat	  1092	    closed	     0	    mydist	   787	
 263	      open	     0	 heartbeat	  1092	    closed	     0	    mydist	   787	
 264	      open	     0	 heartbeat	  1092	    closed	     0	    mydist	   787	
 265	      open	     0	 heartbeat	  1092	    closed	     0	    mydist	   787	
 266	      open	     0	 heartbeat	  1092	    closed	     0	    mydist	   787	
 267	      open	     0	 heartbeat	  1092	    closed	     0	    mydist	   787	
 268	      open	     0	 heartbeat	  1092	    closed	     0	    mydist	   787	
 269	      open	     0	 heartbeat	  1092	    closed	     0	    mydist	   787	
 270	      open	     0	 heartbeat	  1092	    closed	     0	    mydist	   787	
 271	      open	     0	 heartbeat	  1125	    closed	     0	    mydist	   787	
 272	      open	     0	 heartbeat	  1125	    closed	     0	    mydist	   787	
 273	      open	     0	 heartbeat	  1125	    closed	     0	    mydist	   787	
 274	      open	     0	 heartbeat	  1125	    closed	     0	    mydist	   787	
 275	      open	     0	 heartbeat	  1125	    closed	     0	    mydist	   787	
 276	      open	     0	 heartbeat	  1125	    closed	     0	    mydist	   787	
 277	      open	     0	 heartbeat	  1125	    closed	     0	    mydist	   787	
 278	      open	     0	 heartbeat	  1125	    closed	     0	    mydist	   787	
 279	      open	     0	 heartbeat	  1125	    closed	     0	    mydist	   787	
 280	      open	     0	 heartbeat	  1125	    closed	     0	    mydist	   787	
 281	      open	     0	 heartbeat	  1158	    closed	     0	    mydist	   787	
 282	      open	     0	 heartbeat	  1158	    closed	     0	    mydist	   787	
 283	      open	     0	 heartbeat	  1158	    closed	     0	    mydist	   787	
 284	      open	     0	 heartbeat	  1158	    closed	     0	    mydist	   787	
 285	      open	     0	 heartbeat	  1158	    closed	     0	    mydist	   787	
 286	      open	     0	 heartbeat	  1158	    closed	     0	    mydist	   787	
 287	      open	     0	 heartbeat	  1158	    closed	     0	    mydist	   787	
 288	      open	     0	 heartbeat	  1158	    closed	     0	    mydist	   787	
 289	      open	     0	 heartbeat	  1158	    closed	     0	    mydist	   787	
 290	      open	     0	 heartbeat	  1158	    closed	     0	    mydist	   787	
 291	      open	     0	 heartbeat	  1191	    closed	     0	    mydist	   787	
 292	      open	     0	 heartbeat	  1191	    closed	     0	    mydist	   787	
 293	      open	     0	 heartbeat	  1191	    closed	     0	    mydist	   787	
 294	      open	     0	 heartbeat	  1191	    closed	     0	    mydist	   787	
 295	      open	     0	 heartbeat	  1191	    closed	     0	    mydist	   787	
 296	      open	     0	 heartbeat	  1191	    closed	     0	    mydist	   787	
 297	      open	     0	 heartbeat	  1191	    closed	     0	    mydist	   787	
 298	      open	     0	 heartbeat	  1191	    closed	     0	    mydist	   787	
 299	      open	     0	 heartbeat	  1191	    closed	     0	    mydist	   787	
 300	      open	     0	 heartbeat	  1191	    closed	     0	    mydist	   787	
 301	      open	     0	 heartbeat	  1224	    closed	     0	    mydist	   787	
 302	      open	     0	 heartbeat	  1224	    closed	     0	    mydist	   787	
 303	      open	     0	 heartbeat	  1224	    closed	     0	    mydist	   787	
 304	      open	     0	 heartbeat	  1224	    closed	     0	    mydist	   787	
 305	      open	     0	 heartbeat	  1224	    closed	     0	    mydist	   787	
 306	      open	     0	 heartbeat	  1224	    closed	     0	    mydist	   787	
 307	      open	     0	 heartbeat	  1224	    closed	     0	    mydist	   787	
 308	      open	     0	 heartbeat	  1224	    closed	     0	    mydist	   787	
 309	      open	     0	 heartbeat	  1224	    closed	     0	    mydist	   787	
 310	      open	     0	 heartbeat	  1224	    closed	     0	    mydist	   787	
 311	      open	     0	 heartbeat	  1257	    closed	     0	    mydist	   787	
 312	      open	     0	 heartbeat	  1257	    closed	     0	    mydist	   787	
 313	      open	     0	 heartbeat	  1257	    closed	     0	    mydist	   787	
 314	      open	     0	 heartbeat	  1257	    closed	     0	    mydist	   787	
 315	      open	     0	 heartbeat	  1257	    closed	     0	    mydist	   787	
 316	      open	     0	 heartbeat	  1257	    closed	     0	    mydist	   787	
 317	      open	     0	 heartbeat	  1257	    closed	     0	    mydist	   787	
 318	      open	     0	 heartbeat	  1257	    closed	     0	    mydist	   787	
 319	      open	     0	 heartbeat	  1257	    closed	     0	    mydist	   787	
 320	      open	     0	 heartbeat	  1257	    closed	     0	    mydist	   787	
 321	      open	     0	 heartbeat	  1290	    closed	     0	    mydist	   787	
 322	      open	     0	 heartbeat	  1290	    closed	     0	    mydist	   787	
 323	      open	     0	 heartbeat	  1290	    closed	     0	    mydist	   787	
 324	      open	     0	 heartbeat	  1290	    closed	     0	    mydist	   787	
 325	      open	     0	 heartbeat	  1290	    closed	     0	    mydist	   787	
 326	      open	     0	 heartbeat	  1290	    closed	     0	    mydist	   787	
 327	      open	     0	 heartbeat	  1290	    closed	     0	    mydist	   787	
 328	      open	     0	 heartbeat	  1290	    closed	     0	    mydist	   787	
 329	      open	     0	 heartbeat	  1290	    closed	     0	    mydist	   787	
 330	      open	     0	 heartbeat	  1290	    closed	     0	    mydist	   787	
 331	      open	     0	 heartbeat	  1323	    closed	     0	    mydist	   787	
 332	      open	     0	 heartbeat	  1323	    closed	     0	    mydist	   787	
 333	      open	     0	 heartbeat	  1323	    closed	     0	    mydist	   787	
 334	      open	     0	 heartbeat	  1323	    closed	     0	    mydist	   787	
 335	      open	     0	 heartbeat	  1323	    closed	     0	    mydist	   787	
 336	      open	     0	 heartbeat	  1323	    closed	     0	    mydist	   787	
 337	      open	     0	 heartbeat	  1323	    closed	     0	    mydist	   787	
 338	      open	     0	 heartbeat	  1323	    closed	     0	    mydist	   787	
 339	      open	     0	 heartbeat	  1323	    closed	     0	    mydist	   787	
 340	      open	     0	 heartbeat	  1323	    closed	     0	    mydist	   787	
 341	      open	     0	 heartbeat	  1356	    closed	     0	    mydist	   787	
 342	      open	     0	 heartbeat	  1356	    closed	     0	    mydist	   787	
 343	      open	     0	 heartbeat	  1356	    closed	     0	    mydist	   787	
 344	      open	     0	 heartbeat	  1356	    closed	     0	    mydist	   787	
 345	      open	     0	 heartbeat	  1356	    closed	     0	    mydist	   787	
 346	      open	     0	 heartbeat	  1356	    closed	     0	    mydist	   787	
 347	      open	     0	 heartbeat	  1356	    closed	     0	    mydist	   787	
 348	      open	     0	 heartbeat	  1356	    closed	     0	    mydist	   787	
 349	      open	     0	 heartbeat	  1356	    closed	     0	    mydist	   787	
 350	      open	     0	 heartbeat	  1356	    closed	     0	    mydist	   787	
 351	      open	     0	 heartbeat	  1389	    closed	     0	    mydist	   787	
 352	      open	     0	 heartbeat	  1389	    closed	     0	    mydist	   787	
 353	      open	     0	 heartbeat	  1389	    closed	     0	    mydist	   787	
 354	      open	     0	 heartbeat	  1389	    closed	     0	    mydist	   787	
 355	      open	     0	 heartbeat	  1389	    closed	     0	    mydist	   787	
 356	      open	     0	 heartbeat	  1389	    closed	     0	    mydist	   787	
 357	      open	     0	 heartbeat	  1389	    closed	     0	    mydist	   787	
 358	      open	     0	 heartbeat	  1389	    closed	     0	    mydist	   787	
 359	      open	     0	 heartbeat	  1389	    closed	     0	    mydist	   787	
 360	      open	     0	 heartbeat	  1389	    closed	     0	    mydist	   787	
 361	      open	     0	 heartbeat	  1435	    closed	     0	    mydist	   835	
 362	      open	     0	 heartbeat	  1435	    closed	     0	    mydist	   909	
 363	      open	     0	 heartbeat	  1435	    closed	     0	    mydist	   933	
 364	      open	     0	 heartbeat	  1435	    closed	     0	    mydist	   951	
 365	      open	     0	 heartbeat	  1435	    closed	     0	    mydist	   968	
 366	      open	     0	 heartbeat	  1435	    closed	     0	    mydist	   982	
 367	      open	     0	 heartbeat	  1435	    closed	     0	    mydist	  1003	
 368	      open	     0	 heartbeat	  1435	    closed	     0	    mydist	  1075	
 369	      open	     0	 heartbeat	  1435	    closed	     0	    mydist	  1157	
 370	      open	     0	 heartbeat	  1435	    closed	     0	    mydist	  1163	
 371	      open	     0	 heartbeat	  1481	    closed	     0	    mydist	  1163	
 372	      open	     0	 heartbeat	  1481	    closed	     0	    mydist	  1163	
 373	      open	     0	 heartbeat	  1481	    closed	     0	    mydist	  1163	
 374	      open	     0	 heartbeat	  1481	    closed	     0	    mydist	  1163	
 375	      open	     0	 heartbeat	  1481	    closed	     0	    mydist	  1163	
 376	      open	     0	 heartbeat	  1481	    closed	     0	    mydist	  1163	
 377	      open	     0	 heartbeat	  1481	    closed	     0	    mydist	  1163	
 378	      open	     0	 heartbeat	  1481	    closed	     0	    mydist	  1163	
 379	      open	     0	 heartbeat	  1481	    closed	     0	    mydist	  1163	
 380	      open	     0	 heartbeat	  1481	    closed	     0	    mydist	  1163	
 381	      open	     0	 heartbeat	  1527	    closed	     0	    mydist	  1163	
 382	      open	     0	 heartbeat	  1527	    closed	     0	    mydist	  1163	
 383	      open	     0	 heartbeat	  1527	    closed	     0	    mydist	  1163	
 384	      open	     0	 heartbeat	  1527	    closed	     0	    mydist	  1163	
 385	      open	     0	 heartbeat	  1527	    closed	     0	    mydist	  1163	
 386	      open	     0	 heartbeat	  1527	    closed	     0	    mydist	  1163	
 387	      open	     0	 heartbeat	  1527	    closed	     0	    mydist	  1163	
 388	      open	     0	 heartbeat	  1527	    closed	     0	    mydist	  1163	
 389	      open	     0	 heartbeat	  1527	    closed	     0	    mydist	  1163	
 390	      open	     0	 heartbeat	  1527	    closed	     0	    mydist	  1163	
 391	      open	     0	 heartbeat	  1573	    closed	     0	    mydist	  1163	
 392	      open	     0	 heartbeat	  1573	    closed	     0	    mydist	  1163	
 393	      open	     0	 heartbeat	  1573	    closed	     0	    mydist	  1163	
 394	      open	     0	 heartbeat	  1573	    closed	     0	    mydist	  1163	
 395	      open	     0	 heartbeat	  1573	    closed	     0	    mydist	  1163	
 396	      open	     0	 heartbeat	  1573	    closed	     0	    mydist	  1163	
 397	      open	     0	 heartbeat	  1573	    closed	     0	    mydist	  1163	
 398	      open	     0	 heartbeat	  1573	    closed	     0	    mydist	  1163	
 399	      open	     0	 heartbeat	  1573	    closed	     0	    mydist	  1163	
 400	      open	     0	 heartbeat	  1576	    closed	     0	    mydist	  1163	
 401	      open	     0	 heartbeat	  1619	    closed	     0	    mydist	  1163	
 402	      open	     0	 heartbeat	  1619	    closed	     0	    mydist	  1163	
 403	      open	     0	 heartbeat	  1619	    closed	     0	    mydist	  1163	
 404	      open	     0	 heartbeat	  1619	    closed	     0	    mydist	  1163	
 405	      open	     0	 heartbeat	  1619	    closed	     0	    mydist	  1163	
 406	      open	     0	 heartbeat	  1619	    closed	     0	    mydist	  1163	
 407	      open	     0	 heartbeat	  1619	    closed	     0	    mydist	  1163	
 408	      open	     0	 heartbeat	  1619	    closed	     0	    mydist	  1163	
 409	      open	     0	 heartbeat	  1619	    closed	     0	    mydist	  1163	
 410	      open	     0	 heartbeat	  1624	    closed	     0	    mydist	  1163	
 411	      open	     0	 heartbeat	  1665	    closed	     0	    mydist	  1163	
 412	      open	     0	 heartbeat	  1665	    closed	     0	    mydist	  1163	
 413	      open	     0	 heartbeat	  1665	    closed	     0	    mydist	  1163	
 414	      open	     0	 heartbeat	  1665	    closed	     0	    mydist	  1163	
 415	      open	     0	 heartbeat	  1665	    closed	     0	    mydist	  1163	
 416	      open	     0	 heartbeat	  1665	    closed	     0	    mydist	  1163	
 417	      open	     0	 heartbeat	  1665	    closed	     0	    mydist	  1163	
 418	      open	     0	 heartbeat	  1665	    closed	     0	    mydist	  1163	
 419	      open	     0	 heartbeat	  1665	    closed	     0	    mydist	  1163	
 420	      open	     0	 heartbeat	  1672	    closed	     0	    mydist	  1163	
 421	      open	     0	 heartbeat	  1711	    closed	     0	    mydist	  1163	
 422	      open	     0	 heartbeat	  1711	    closed	     0	    mydist	  1163	
 423	      open	     0	 heartbeat	  1711	    closed	     0	    mydist	  1163	
 424	      open	     0	 heartbeat	  1711	    closed	     0	    mydist	  1163	
 425	      open	     0	 heartbeat	  1711	    closed	     0	    mydist	  1163	
 426	      open	     0	 heartbeat	  1711	    closed	     0	    mydist	  1163	
 427	      open	     0	 heartbeat	  1711	    closed	     0	    mydist	  1163	
 428	      open	     0	 heartbeat	  1711	    closed	     0	    mydist	  1163	
 429	      open	     0	 heartbeat	  1711	    closed	     0	    mydist	  1163	
 430	      open	     0	 heartbeat	  1720	    closed	     0	    mydist	  1163	
 431	      open	     0	 heartbeat	  1757	    closed	     0	    mydist	  1163	
 432	      open	     0	 heartbeat	  1757	    closed	     0	    mydist	  1163	
 433	      open	     0	 heartbeat	  1757	    closed	     0	    mydist	  1163	
 434	      open	     0	 heartbeat	  1757	    closed	     0	    mydist	  1163	
 435	      open	     0	 heartbeat	  1757	    closed	     0	    mydist	  1163	
 436	      open	     0	 heartbeat	  1757	    closed	     0	    mydist	  1163	
 437	      open	     0	 heartbeat	  1757	    closed	     0	    mydist	  1163	
 438	      open	     0	 heartbeat	  1757	    closed	     0	    mydist	  1163	
 439	      open	     0	 heartbeat	  1757	    closed	     0	    mydist	  1163	
 440	      open	     0	 heartbeat	  1767	    closed	     0	    mydist	  1163	
 441	      open	     0	 heartbeat	  1803	    closed	     0	    mydist	  1163	
 442	      open	     0	 heartbeat	  1803	    closed	     0	    mydist	  1163	
 443	      open	     0	 heartbeat	  1803	    closed	     0	    mydist	  1163	
 444	      open	     0	 heartbeat	  1803	    closed	     0	    mydist	  1163	
 445	      open	     0	 heartbeat	  1803	    closed	     0	    mydist	  1163	
 446	      open	     0	 heartbeat	  1803	    closed	     0	    mydist	  1163	
 447	      open	     0	 heartbeat	  1803	    closed	     0	    mydist	  1163	
 448	      open	     0	 heartbeat	  1803	    closed	     0	    mydist	  1163	
 449	      open	     0	 heartbeat	  1803	    closed	     0	    mydist	  1163	
 450	      open	     0	 heartbeat	  1819	    closed	     0	    mydist	  1163	
 451	      open	     0	 heartbeat	  1849	    closed	     0	    mydist	  1163	
 452	      open	     0	 heartbeat	  1849	    closed	     0	    mydist	  1163	
 453	      open	     0	 heartbeat	  1849	    closed	     0	    mydist	  1163	
 454	      open	     0	 heartbeat	  1849	    closed	     0	    mydist	  1163	
 455	      open	     0	 heartbeat	  1849	    closed	     0	    mydist	  1163	
 456	      open	     0	 heartbeat	  1849	    closed	     0	    mydist	  1163	
 457	      open	     0	 heartbeat	  1849	    closed	     0	    mydist	  1163	
 458	      open	     0	 heartbeat	  1849	    closed	     0	    mydist	  1163	
 459	      open	     0	 heartbeat	  1849	    closed	     0	    mydist	  1163	
 460	      open	     0	 heartbeat	  1875	    closed	     0	    mydist	  1163	
 461	      open	     0	 heartbeat	  1895	    closed	     0	    mydist	  1163	
 462	      open	     0	 heartbeat	  1895	    closed	     0	    mydist	  1163	
 463	      open	     0	 heartbeat	  1895	    closed	     0	    mydist	  1163	
 464	      open	     0	 heartbeat	  1895	    closed	     0	    mydist	  1163	
 465	      open	     0	 heartbeat	  1895	    closed	     0	    mydist	  1163	
 466	      open	     0	 heartbeat	  1895	    closed	     0	    mydist	  1163	
 467	      open	     0	 heartbeat	  1895	    closed	     0	    mydist	  1163	
 468	      open	     0	 heartbeat	  1895	    closed	     0	    mydist	  1163	
 469	      open	     0	 heartbeat	  1895	    closed	     0	    mydist	  1163	
 470	      open	     0	 heartbeat	  1925	    closed	     0	    mydist	  1163	
 471	      open	     0	 heartbeat	  1941	    closed	     0	    mydist	  1163	
 472	      open	     0	 heartbeat	  1941	    closed	     0	    mydist	  1163	
 473	      open	     0	 heartbeat	  1941	    closed	     0	    mydist	  1163	
 474	      open	     0	 heartbeat	  1941	    closed	     0	    mydist	  1163	
 475	      open	     0	 heartbeat	  1941	    closed	     0	    mydist	  1163	
 476	      open	     0	 heartbeat	  1941	    closed	     0	    mydist	  1163	
 477	      open	     0	 heartbeat	  1941	    closed	     0	    mydist	  1163	
 478	      open	     0	 heartbeat	  1941	    closed	     0	    mydist	  1163	
 479	      open	     0	 heartbeat	  1941	    closed	     0	    mydist	  1163	
 480	      open	     0	 heartbeat	  1981	    closed	     0	    mydist	  1163	
 481	      open	     0	 heartbeat	  1987	    closed	     0	    mydist	  1163	
 482	      open	     0	 heartbeat	  1987	    closed	     0	    mydist	  1163	
 483	      open	     0	 heartbeat	  1987	    closed	     0	    mydist	  1163	
 484	      open	     0	 heartbeat	  1987	    closed	     0	    mydist	  1163	
 485	      open	     0	 heartbeat	  1987	    closed	     0	    mydist	  1163	
 486	      open	     0	 heartbeat	  1987	    closed	     0	    mydist	  1163	
 487	      open	     0	 heartbeat	  1987	    closed	     0	    mydist	  1163	
 488	      open	     0	 heartbeat	  1987	    closed	     0	    mydist	  1163	
 489	      open	     0	 heartbeat	  1987	    closed	     0	    mydist	  1163	
 490	      open	     0	 heartbeat	  2029	    closed	     0	    mydist	  1163	
 491	      open	     0	 heartbeat	  2033	    closed	     0	    mydist	  1163	
 492	      open	     0	 heartbeat	  2033	    closed	     0	    mydist	  1163	
 493	      open	     0	 heartbeat	  2033	    closed	     0	    mydist	  1163	
 494	      open	     0	 heartbeat	  2033	    closed	     0	    mydist	  1163	
 495	      open	     0	 heartbeat	  2033	    closed	     0	    mydist	  1163	
 496	      open	     0	 heartbeat	  2033	    closed	     0	    mydist	  1163	
 497	      open	     0	 heartbeat	  2033	    closed	     0	    mydist	  1163	
 498	      open	     0	 heartbeat	  2033	    closed	     0	    mydist	  1163	
 499	      open	     0	 heartbeat	  2033	    closed	     0	    mydist	  1163	
 500	      open	     0	 heartbeat	  2079	    closed	     0	    mydist	  1163	
 501	      open	     0	 heartbeat	  2079	    closed	     0	    mydist	  1163	
 502	      open	     0	 heartbeat	  2079	    closed	     0	    mydist	  1163	
 503	      open	     0	 heartbeat	  2079	    closed	     0	    mydist	  1163	
 504	      open	     0	 heartbeat	  2079	    closed	     0	    mydist	  1163	
 505	      open	     0	 heartbeat	  2079	    closed	     0	    mydist	  1163	
 506	      open	     0	 heartbeat	  2079	    closed	     0	    mydist	  1163	
 507	      open	     0	 heartbeat	  2079	    closed	     0	    mydist	  1163	
 508	      open	     0	 heartbeat	  2079	    closed	     0	    mydist	  1163	
 509	      open	     0	 heartbeat	  2079	    closed	     0	    mydist	  1163	
 510	      open	     0	 heartbeat	  2125	    closed	     0	    mydist	  1163	
 511	      open	     0	 heartbeat	  2125	    closed	     0	    mydist	  1163	
 512	      open	     0	 heartbeat	  2125	    closed	     0	    mydist	  1163	
